<?xml version="1.0" encoding="UTF-8"?>
<!-- Generated by org.testng.reporters.JUnitReportReporter -->
<testsuite name="com.naukri.test.UploadResume" tests="1" time="19.453" ignored="0" failures="0" timestamp="28 Aug 2020 07:14:18 GMT" skipped="0" hostname="DESKTOP-UBQJ9QQ" errors="0">
  <testcase name="testUploadResume" time="19.453" classname="com.naukri.test.UploadResume"/>
</testsuite> <!-- com.naukri.test.UploadResume -->
