<?xml version="1.0" encoding="UTF-8"?>
<!-- Generated by org.testng.reporters.JUnitReportReporter -->
<testsuite name="com.naukri.test.UploadResume" tests="1" time="12.389" ignored="0" failures="0" timestamp="17 Apr 2020 15:46:41 GMT" skipped="0" hostname="DESKTOP-UBQJ9QQ" errors="0">
  <testcase name="testUploadResume" time="12.389" classname="com.naukri.test.UploadResume"/>
</testsuite> <!-- com.naukri.test.UploadResume -->
